<?xml version="1.0" encoding="UTF-8"?>
<testng-results skipped="0" failed="0" ignored="0" total="1" passed="1">
  <reporter-output>
  </reporter-output>
  <suite name="Suite1" duration-ms="10835" started-at="2018-01-07T23:25:07Z" finished-at="2018-01-07T23:25:18Z">
    <groups>
      <group name="cucumber">
        <method signature="AbstractTestNGCucumberTests.feature(cucumber.api.testng.CucumberFeatureWrapper)[pri:0, instance:TestNGRunner.TestNGRunner$TestRunner@91161c7]" name="feature" class="cucumber.api.testng.AbstractTestNGCucumberTests"/>
      </group> <!-- cucumber -->
    </groups>
    <test name="Nopackage" duration-ms="10835" started-at="2018-01-07T23:25:07Z" finished-at="2018-01-07T23:25:18Z">
      <class name="TestNGRunner.TestNGRunner$TestRunner">
        <test-method status="PASS" signature="setUpClass()[pri:0, instance:TestNGRunner.TestNGRunner$TestRunner@91161c7]" name="setUpClass" is-config="true" duration-ms="263" started-at="2018-01-07T18:25:07Z" finished-at="2018-01-07T18:25:08Z">
          <reporter-output>
          </reporter-output>
        </test-method> <!-- setUpClass -->
        <test-method status="PASS" signature="feature(cucumber.api.testng.CucumberFeatureWrapper)[pri:0, instance:TestNGRunner.TestNGRunner$TestRunner@91161c7]" name="feature" duration-ms="10468" started-at="2018-01-07T18:25:08Z" description="Runs Cucumber Feature" data-provider="features" finished-at="2018-01-07T18:25:18Z">
          <params>
            <param index="0">
              <value>
                <![CDATA[In order to search for the video, user needs to visit YouTube]]>
              </value>
            </param>
          </params>
          <reporter-output>
          </reporter-output>
        </test-method> <!-- feature -->
        <test-method status="PASS" signature="tearDownClass()[pri:0, instance:TestNGRunner.TestNGRunner$TestRunner@91161c7]" name="tearDownClass" is-config="true" duration-ms="3" started-at="2018-01-07T18:25:18Z" finished-at="2018-01-07T18:25:18Z">
          <reporter-output>
          </reporter-output>
        </test-method> <!-- tearDownClass -->
      </class> <!-- TestNGRunner.TestNGRunner$TestRunner -->
    </test> <!-- Nopackage -->
  </suite> <!-- Suite1 -->
</testng-results>
